<?xml version="1.0" encoding="UTF-8"?>
<testng-results skipped="0" failed="1" total="1" passed="0">
  <reporter-output>
  </reporter-output>
  <suite name="Default suite" duration-ms="8559" started-at="2011-12-01T18:50:38Z" finished-at="2011-12-01T18:50:47Z">
    <groups>
    </groups>
    <test name="Default test" duration-ms="8559" started-at="2011-12-01T18:50:38Z" finished-at="2011-12-01T18:50:47Z">
      <class name="uk.ac.cardiff.raptormua.engine.statistics.StatisticProcessorFactoryTest">
        <test-method status="PASS" signature="springTestContextBeforeTestClass()" name="springTestContextBeforeTestClass" is-config="true" duration-ms="7" started-at="2011-12-01T18:50:38Z" finished-at="2011-12-01T18:50:38Z">
        </test-method>
        <test-method status="PASS" signature="springTestContextPrepareTestInstance()" name="springTestContextPrepareTestInstance" is-config="true" duration-ms="8522" started-at="2011-12-01T18:50:38Z" depends-on-methods="org.springframework.test.context.testng.AbstractTestNGSpringContextTests.springTestContextBeforeTestClass" finished-at="2011-12-01T18:50:46Z">
        </test-method>
        <test-method status="PASS" signature="springTestContextBeforeTestMethod(java.lang.reflect.Method)" name="springTestContextBeforeTestMethod" is-config="true" duration-ms="1" started-at="2011-12-01T18:50:46Z" finished-at="2011-12-01T18:50:46Z">
          <params>
            <param index="0">
              <value>
                <![CDATA[public void uk.ac.cardiff.raptormua.engine.statistics.StatisticProcessorFactoryTest.getProcessorTest() throws uk.ac.cardiff.raptormua.engine.statistics.StatisticPostProcessorFactoryException]]>
              </value>
            </param>
          </params>
        </test-method>
        <test-method status="FAIL" signature="getProcessorTest()" name="getProcessorTest" duration-ms="5" started-at="2011-12-01T18:50:46Z" finished-at="2011-12-01T18:50:47Z">
          <exception class="uk.ac.cardiff.raptormua.engine.statistics.StatisticPostProcessorFactoryException">
            <message>
              <![CDATA[uk.ac.cardiff.raptormua.engine.statistics.ProcessorRegistryException: No such processor with type test]]>
            </message>
            <full-stacktrace>
              <![CDATA[uk.ac.cardiff.raptormua.engine.statistics.StatisticPostProcessorFactoryException: uk.ac.cardiff.raptormua.engine.statistics.ProcessorRegistryException: No such processor with type test
	at uk.ac.cardiff.raptormua.engine.statistics.StatisticProcessorFactory.getPostProcessor(StatisticProcessorFactory.java:56)
	at uk.ac.cardiff.raptormua.engine.statistics.StatisticProcessorFactoryTest.getProcessorTest(StatisticProcessorFactoryTest.java:27)
	at sun.reflect.NativeMethodAccessorImpl.invoke0(Native Method)
	at sun.reflect.NativeMethodAccessorImpl.invoke(NativeMethodAccessorImpl.java:39)
	at sun.reflect.DelegatingMethodAccessorImpl.invoke(DelegatingMethodAccessorImpl.java:25)
	at java.lang.reflect.Method.invoke(Method.java:597)
	at org.testng.internal.MethodInvocationHelper.invokeMethod(MethodInvocationHelper.java:76)
	at org.testng.internal.MethodInvocationHelper$1.runTestMethod(MethodInvocationHelper.java:178)
	at org.springframework.test.context.testng.AbstractTestNGSpringContextTests.run(AbstractTestNGSpringContextTests.java:158)
	at sun.reflect.NativeMethodAccessorImpl.invoke0(Native Method)
	at sun.reflect.NativeMethodAccessorImpl.invoke(NativeMethodAccessorImpl.java:39)
	at sun.reflect.DelegatingMethodAccessorImpl.invoke(DelegatingMethodAccessorImpl.java:25)
	at java.lang.reflect.Method.invoke(Method.java:597)
	at org.testng.internal.MethodInvocationHelper.invokeHookable(MethodInvocationHelper.java:191)
	at org.testng.internal.Invoker.invokeMethod(Invoker.java:666)
	at org.testng.internal.Invoker.invokeTestMethod(Invoker.java:846)
	at org.testng.internal.Invoker.invokeTestMethods(Invoker.java:1170)
	at org.testng.internal.TestMethodWorker.invokeTestMethods(TestMethodWorker.java:125)
	at org.testng.internal.TestMethodWorker.run(TestMethodWorker.java:109)
	at org.testng.TestRunner.runWorkers(TestRunner.java:1147)
	at org.testng.TestRunner.privateRun(TestRunner.java:749)
	at org.testng.TestRunner.run(TestRunner.java:600)
	at org.testng.SuiteRunner.runTest(SuiteRunner.java:317)
	at org.testng.SuiteRunner.runSequentially(SuiteRunner.java:312)
	at org.testng.SuiteRunner.privateRun(SuiteRunner.java:274)
	at org.testng.SuiteRunner.run(SuiteRunner.java:223)
	at org.testng.SuiteRunnerWorker.runSuite(SuiteRunnerWorker.java:52)
	at org.testng.SuiteRunnerWorker.run(SuiteRunnerWorker.java:86)
	at org.testng.TestNG.runSuitesSequentially(TestNG.java:1039)
	at org.testng.TestNG.runSuitesLocally(TestNG.java:964)
	at org.testng.TestNG.run(TestNG.java:900)
	at org.testng.remote.RemoteTestNG.run(RemoteTestNG.java:110)
	at org.testng.remote.RemoteTestNG.initAndRun(RemoteTestNG.java:205)
	at org.testng.remote.RemoteTestNG.main(RemoteTestNG.java:174)
Caused by: uk.ac.cardiff.raptormua.engine.statistics.ProcessorRegistryException: No such processor with type test
	at uk.ac.cardiff.raptormua.engine.statistics.DefaultStatisticProcessorRegistry.getProcessor(DefaultStatisticProcessorRegistry.java:33)
	at uk.ac.cardiff.raptormua.engine.statistics.StatisticProcessorFactory.getPostProcessor(StatisticProcessorFactory.java:47)
	... 33 more
]]>
            </full-stacktrace>
          </exception>
        </test-method>
        <test-method status="PASS" signature="springTestContextAfterTestMethod(java.lang.reflect.Method)" name="springTestContextAfterTestMethod" is-config="true" duration-ms="1" started-at="2011-12-01T18:50:47Z" finished-at="2011-12-01T18:50:47Z">
          <params>
            <param index="0">
              <value>
                <![CDATA[public void uk.ac.cardiff.raptormua.engine.statistics.StatisticProcessorFactoryTest.getProcessorTest() throws uk.ac.cardiff.raptormua.engine.statistics.StatisticPostProcessorFactoryException]]>
              </value>
            </param>
          </params>
        </test-method>
        <test-method status="PASS" signature="springTestContextAfterTestClass()" name="springTestContextAfterTestClass" is-config="true" duration-ms="0" started-at="2011-12-01T18:50:47Z" finished-at="2011-12-01T18:50:47Z">
        </test-method>
      </class>
    </test>
  </suite>
</testng-results>
